<?xml version="1.0" encoding="UTF-8"?>
<testsuite name="com.paulhoang.utils.InputUtilTest" tests="3" skipped="0" failures="0" errors="0" timestamp="2016-07-03T23:30:20" hostname="Pauls-MacBook-Pro-2.local" time="0.013">
  <properties/>
  <testcase name="splitToDateListShouldReturnListOfIntegersWhenValid" classname="com.paulhoang.utils.InputUtilTest" time="0.009"/>
  <testcase name="getDateInputShouldThrowExceptionWhenInvalidateInput" classname="com.paulhoang.utils.InputUtilTest" time="0.002"/>
  <testcase name="getDateInputShouldCallConsoleInputWrapperAndValidateInput" classname="com.paulhoang.utils.InputUtilTest" time="0.0"/>
  <system-out><![CDATA[]]></system-out>
  <system-err><![CDATA[]]></system-err>
</testsuite>
